SF:d:\Projetos\github\DynamicRestApi\src\api\Domain.Core\ValueObjects\Name.cs
FN:15,System.String Domain.Core.ValueObjects.Name::get_Value()
FNDA:18,System.String Domain.Core.ValueObjects.Name::get_Value()
DA:16,18
FN:18,System.Boolean Domain.Core.ValueObjects.Name::Equals(Domain.Core.ValueObjects.Name)
FNDA:0,System.Boolean Domain.Core.ValueObjects.Name::Equals(Domain.Core.ValueObjects.Name)
DA:19,0
DA:20,0
DA:21,0
FN:23,System.String Domain.Core.ValueObjects.Name::ToString()
FNDA:0,System.String Domain.Core.ValueObjects.Name::ToString()
DA:24,0
DA:25,0
DA:26,0
FN:27,System.String Domain.Core.ValueObjects.Name::op_Implicit(Domain.Core.ValueObjects.Name)
FNDA:0,System.String Domain.Core.ValueObjects.Name::op_Implicit(Domain.Core.ValueObjects.Name)
DA:28,0
FN:29,Domain.Core.ValueObjects.Name Domain.Core.ValueObjects.Name::op_Implicit(System.String)
FNDA:3,Domain.Core.ValueObjects.Name Domain.Core.ValueObjects.Name::op_Implicit(System.String)
DA:30,3
FN:8,System.Void Domain.Core.ValueObjects.Name::.ctor(System.String)
FNDA:9,System.Void Domain.Core.ValueObjects.Name::.ctor(System.String)
DA:9,9
DA:10,9
DA:11,9
DA:13,9
DA:14,9
LF:14
LH:7
BRF:0
BRH:0
FNF:6
FNH:3
end_of_record
SF:d:\Projetos\github\DynamicRestApi\src\api\Domain.Core\Validators\NameValidator.cs
FN:10,FluentValidation.IRuleBuilderOptions`2<T,System.String> Domain.Core.Validators.NameValidator::Name(FluentValidation.IRuleBuilder`2<T,System.String>)
FNDA:9,FluentValidation.IRuleBuilderOptions`2<T,System.String> Domain.Core.Validators.NameValidator::Name(FluentValidation.IRuleBuilder`2<T,System.String>)
DA:11,9
DA:12,9
DA:13,9
DA:14,9
DA:15,9
DA:16,9
DA:17,9
FN:18,System.Boolean Domain.Core.Validators.NameValidator::ValidName(System.String)
FNDA:3,System.Boolean Domain.Core.Validators.NameValidator::ValidName(System.String)
DA:19,3
LF:8
LH:8
BRF:0
BRH:0
FNF:2
FNH:2
end_of_record
SF:d:\Projetos\github\DynamicRestApi\src\api\Domain.Core\Validators\ValueObjectValidator.cs
FN:8,FluentValidation.IRuleBuilderOptions`2<T,Domain.Core.Interfaces.Structure.IValueObject`1<V>> Domain.Core.Validators.ValueObjectValidator::Valid(FluentValidation.IRuleBuilder`2<T,Domain.Core.Interfaces.Structure.IValueObject`1<V>>)
FNDA:4,FluentValidation.IRuleBuilderOptions`2<T,Domain.Core.Interfaces.Structure.IValueObject`1<V>> Domain.Core.Validators.ValueObjectValidator::Valid(FluentValidation.IRuleBuilder`2<T,Domain.Core.Interfaces.Structure.IValueObject`1<V>>)
DA:9,4
DA:10,4
DA:11,4
FN:12,System.Boolean Domain.Core.Validators.ValueObjectValidator::ValidValueObject(Domain.Core.Interfaces.Structure.IValueObject`1<T>)
FNDA:4,System.Boolean Domain.Core.Validators.ValueObjectValidator::ValidValueObject(Domain.Core.Interfaces.Structure.IValueObject`1<T>)
DA:13,4
BRDA:13,1,0,1
BRDA:13,1,1,3
LF:4
LH:4
BRF:2
BRH:2
FNF:2
FNH:2
end_of_record
SF:d:\Projetos\github\DynamicRestApi\src\api\Domain.Core\Implementation\AggregateRoot.cs
FN:10,System.Guid Domain.Core.Implementation.AggregateRoot::get_Id()
FNDA:0,System.Guid Domain.Core.Implementation.AggregateRoot::get_Id()
DA:11,0
FN:13,System.Collections.Generic.IList`1<MediatR.INotification> Domain.Core.Implementation.AggregateRoot::get_Notifications()
FNDA:12,System.Collections.Generic.IList`1<MediatR.INotification> Domain.Core.Implementation.AggregateRoot::get_Notifications()
DA:14,12
FN:16,System.Void Domain.Core.Implementation.AggregateRoot::AddNotification(MediatR.INotification)
FNDA:8,System.Void Domain.Core.Implementation.AggregateRoot::AddNotification(MediatR.INotification)
DA:17,8
DA:18,8
DA:19,8
LF:5
LH:4
BRF:0
BRH:0
FNF:3
FNH:2
end_of_record
SF:d:\Projetos\github\DynamicRestApi\src\api\Domain.Core\Extensions\SelfValidation.cs
FN:10,System.Boolean Domain.Core.Extensions.SelfValidation::IsValid(FluentValidation.AbstractValidator`1<T>,T,Infrastructure.CrossCutting.Notifications.INotificationManager)
FNDA:4,System.Boolean Domain.Core.Extensions.SelfValidation::IsValid(FluentValidation.AbstractValidator`1<T>,T,Infrastructure.CrossCutting.Notifications.INotificationManager)
DA:11,4
DA:12,4
DA:13,20
DA:14,4
DA:15,4
DA:16,4
BRDA:13,66,1,4
BRDA:13,66,0,4
LF:6
LH:6
BRF:2
BRH:2
FNF:1
FNH:1
end_of_record
SF:d:\Projetos\github\DynamicRestApi\src\api\Domain\ValueObjects\DataTypeAbstract.cs
FN:27,Domain.ValueObjects.EnumDataTypes Domain.ValueObjects.DataTypeAbstract::get_DataType()
FNDA:0,Domain.ValueObjects.EnumDataTypes Domain.ValueObjects.DataTypeAbstract::get_DataType()
DA:28,0
FN:28,System.String Domain.ValueObjects.DataTypeAbstract::get_Name()
FNDA:0,System.String Domain.ValueObjects.DataTypeAbstract::get_Name()
DA:29,0
FN:29,System.String Domain.ValueObjects.DataTypeAbstract::get_Format()
FNDA:0,System.String Domain.ValueObjects.DataTypeAbstract::get_Format()
DA:30,0
FN:32,System.Boolean Domain.ValueObjects.DataTypeAbstract::Equals(Domain.ValueObjects.DataTypeAbstract)
FNDA:0,System.Boolean Domain.ValueObjects.DataTypeAbstract::Equals(Domain.ValueObjects.DataTypeAbstract)
DA:33,0
DA:34,0
DA:35,0
BRDA:34,18,0,0
BRDA:34,18,1,0
FN:36,System.String Domain.ValueObjects.DataTypeAbstract::ToString()
FNDA:0,System.String Domain.ValueObjects.DataTypeAbstract::ToString()
DA:37,0
FN:14,System.Void Domain.ValueObjects.DataTypeAbstract::.ctor(Domain.ValueObjects.EnumDataTypes,System.String)
FNDA:0,System.Void Domain.ValueObjects.DataTypeAbstract::.ctor(Domain.ValueObjects.EnumDataTypes,System.String)
DA:15,0
DA:16,0
DA:17,0
FN:18,System.Void Domain.ValueObjects.DataTypeAbstract::.ctor(Domain.ValueObjects.EnumDataTypes,System.String,System.String)
FNDA:0,System.Void Domain.ValueObjects.DataTypeAbstract::.ctor(Domain.ValueObjects.EnumDataTypes,System.String,System.String)
DA:19,0
DA:20,0
DA:21,0
DA:22,0
DA:23,0
DA:25,0
DA:26,0
BRDA:23,27,0,0
BRDA:23,27,1,0
LF:17
LH:0
BRF:4
BRH:0
FNF:7
FNH:0
end_of_record
SF:d:\Projetos\github\DynamicRestApi\src\api\Domain\ValueObjects\TypeLanguage.cs
FN:17,System.String Domain.ValueObjects.TypeLanguage::get_Type()
FNDA:0,System.String Domain.ValueObjects.TypeLanguage::get_Type()
DA:18,0
FN:18,System.String Domain.ValueObjects.TypeLanguage::get_Format()
FNDA:0,System.String Domain.ValueObjects.TypeLanguage::get_Format()
DA:19,0
FN:21,System.Boolean Domain.ValueObjects.TypeLanguage::Equals(Domain.ValueObjects.TypeLanguage)
FNDA:0,System.Boolean Domain.ValueObjects.TypeLanguage::Equals(Domain.ValueObjects.TypeLanguage)
DA:22,0
DA:23,0
DA:24,0
BRDA:23,18,0,0
BRDA:23,18,1,0
FN:8,System.Void Domain.ValueObjects.TypeLanguage::.ctor(Domain.Entities.LanguageAggregate.LanguageDataTypeDomain,System.Boolean)
FNDA:0,System.Void Domain.ValueObjects.TypeLanguage::.ctor(Domain.Entities.LanguageAggregate.LanguageDataTypeDomain,System.Boolean)
DA:9,0
DA:10,0
DA:11,0
DA:12,0
DA:14,0
DA:15,0
DA:16,0
BRDA:11,10,0,0
BRDA:11,10,1,0
BRDA:11,27,0,0
BRDA:11,27,1,0
LF:12
LH:0
BRF:6
BRH:0
FNF:4
FNH:0
end_of_record
SF:d:\Projetos\github\DynamicRestApi\src\api\Domain\Models\AttributeTemplate.cs
FN:19,System.String Domain.Models.AttributeTemplate::get_Name()
FNDA:0,System.String Domain.Models.AttributeTemplate::get_Name()
DA:20,0
FN:21,System.Nullable`1<System.Int32> Domain.Models.AttributeTemplate::get_Length()
FNDA:0,System.Nullable`1<System.Int32> Domain.Models.AttributeTemplate::get_Length()
DA:22,0
FN:23,System.Boolean Domain.Models.AttributeTemplate::get_AllowNull()
FNDA:0,System.Boolean Domain.Models.AttributeTemplate::get_AllowNull()
DA:24,0
FN:25,Domain.ValueObjects.IDataType Domain.Models.AttributeTemplate::get_DataType()
FNDA:0,Domain.ValueObjects.IDataType Domain.Models.AttributeTemplate::get_DataType()
DA:26,0
FN:8,System.Void Domain.Models.AttributeTemplate::.ctor(Domain.Entities.EntityAggregate.AttributeDomain,Domain.ValueObjects.IDataType)
FNDA:0,System.Void Domain.Models.AttributeTemplate::.ctor(Domain.Entities.EntityAggregate.AttributeDomain,Domain.ValueObjects.IDataType)
DA:9,0
DA:10,0
DA:11,0
DA:12,0
DA:13,0
DA:14,0
DA:15,0
DA:16,0
DA:17,0
DA:18,0
LF:14
LH:0
BRF:0
BRH:0
FNF:5
FNH:0
end_of_record
SF:d:\Projetos\github\DynamicRestApi\src\api\Domain\Models\EntityTemplate.cs
FN:26,System.String Domain.Models.EntityTemplate::get_Name()
FNDA:0,System.String Domain.Models.EntityTemplate::get_Name()
DA:27,0
FN:28,System.Collections.Generic.IReadOnlyCollection`1<Infrastructure.CrossCutting.Collections.NavigableItem`1<Domain.Models.AttributeTemplate>> Domain.Models.EntityTemplate::get_Attributes()
FNDA:0,System.Collections.Generic.IReadOnlyCollection`1<Infrastructure.CrossCutting.Collections.NavigableItem`1<Domain.Models.AttributeTemplate>> Domain.Models.EntityTemplate::get_Attributes()
DA:29,0
FN:11,System.Void Domain.Models.EntityTemplate::.ctor(Domain.Entities.EntityAggregate.EntityDomain,Domain.Factories.IDataTypeFactory)
FNDA:0,System.Void Domain.Models.EntityTemplate::.ctor(Domain.Entities.EntityAggregate.EntityDomain,Domain.Factories.IDataTypeFactory)
DA:12,0
DA:13,0
DA:14,0
DA:15,0
DA:16,0
DA:17,0
DA:18,0
DA:19,0
DA:20,0
DA:21,0
DA:22,0
DA:23,0
DA:24,0
DA:25,0
BRDA:19,45,0,0
BRDA:19,45,1,0
BRDA:19,131,1,0
BRDA:19,131,0,0
LF:16
LH:0
BRF:4
BRH:0
FNF:3
FNH:0
end_of_record
SF:d:\Projetos\github\DynamicRestApi\src\api\Domain\Events\AfterDeleteEntityEvent.cs
FN:12,Domain.Entities.EntityAggregate.EntityDomain Domain.Events.AfterDeleteEntityEvent::get_Entity()
FNDA:4,Domain.Entities.EntityAggregate.EntityDomain Domain.Events.AfterDeleteEntityEvent::get_Entity()
DA:13,4
FN:7,System.Void Domain.Events.AfterDeleteEntityEvent::.ctor(Domain.Entities.EntityAggregate.EntityDomain)
FNDA:4,System.Void Domain.Events.AfterDeleteEntityEvent::.ctor(Domain.Entities.EntityAggregate.EntityDomain)
DA:8,4
DA:9,4
DA:10,4
DA:11,4
LF:5
LH:5
BRF:0
BRH:0
FNF:2
FNH:2
end_of_record
SF:d:\Projetos\github\DynamicRestApi\src\api\Domain\Events\AfterInsertEntityEvent.cs
FN:12,Domain.Entities.EntityAggregate.EntityDomain Domain.Events.AfterInsertEntityEvent::get_Entity()
FNDA:4,Domain.Entities.EntityAggregate.EntityDomain Domain.Events.AfterInsertEntityEvent::get_Entity()
DA:13,4
FN:7,System.Void Domain.Events.AfterInsertEntityEvent::.ctor(Domain.Entities.EntityAggregate.EntityDomain)
FNDA:4,System.Void Domain.Events.AfterInsertEntityEvent::.ctor(Domain.Entities.EntityAggregate.EntityDomain)
DA:8,4
DA:9,4
DA:10,4
DA:11,4
LF:5
LH:5
BRF:0
BRH:0
FNF:2
FNH:2
end_of_record
SF:d:\Projetos\github\DynamicRestApi\src\api\Domain\Entities\LanguageAggregate\LanguageDataTypeDomain.cs
FN:8,System.Guid Domain.Entities.LanguageAggregate.LanguageDataTypeDomain::get_Id()
FNDA:0,System.Guid Domain.Entities.LanguageAggregate.LanguageDataTypeDomain::get_Id()
DA:9,0
FN:10,Domain.Core.ValueObjects.Name Domain.Entities.LanguageAggregate.LanguageDataTypeDomain::get_Name()
FNDA:0,Domain.Core.ValueObjects.Name Domain.Entities.LanguageAggregate.LanguageDataTypeDomain::get_Name()
DA:11,0
FN:12,Domain.Core.ValueObjects.Name Domain.Entities.LanguageAggregate.LanguageDataTypeDomain::get_NameNullable()
FNDA:0,Domain.Core.ValueObjects.Name Domain.Entities.LanguageAggregate.LanguageDataTypeDomain::get_NameNullable()
DA:13,0
FN:14,System.String Domain.Entities.LanguageAggregate.LanguageDataTypeDomain::get_Format()
FNDA:0,System.String Domain.Entities.LanguageAggregate.LanguageDataTypeDomain::get_Format()
DA:15,0
FN:16,Domain.Entities.LanguageAggregate.LanguageDomain Domain.Entities.LanguageAggregate.LanguageDataTypeDomain::get_Language()
FNDA:0,Domain.Entities.LanguageAggregate.LanguageDomain Domain.Entities.LanguageAggregate.LanguageDataTypeDomain::get_Language()
DA:17,0
LF:5
LH:0
BRF:0
BRH:0
FNF:5
FNH:0
end_of_record
SF:d:\Projetos\github\DynamicRestApi\src\api\Domain\Entities\LanguageAggregate\LanguageDomain.cs
FN:25,System.Guid Domain.Entities.LanguageAggregate.LanguageDomain::get_Id()
FNDA:0,System.Guid Domain.Entities.LanguageAggregate.LanguageDomain::get_Id()
DA:26,0
FN:27,Domain.Core.ValueObjects.Name Domain.Entities.LanguageAggregate.LanguageDomain::get_Name()
FNDA:0,Domain.Core.ValueObjects.Name Domain.Entities.LanguageAggregate.LanguageDomain::get_Name()
DA:28,0
FN:29,System.Collections.Generic.IReadOnlyCollection`1<Domain.Entities.LanguageAggregate.LanguageDataTypeDomain> Domain.Entities.LanguageAggregate.LanguageDomain::get_DataTypes()
FNDA:0,System.Collections.Generic.IReadOnlyCollection`1<Domain.Entities.LanguageAggregate.LanguageDataTypeDomain> Domain.Entities.LanguageAggregate.LanguageDomain::get_DataTypes()
DA:30,0
FN:32,Domain.ValueObjects.TypeLanguage Domain.Entities.LanguageAggregate.LanguageDomain::GetTypeLanguage(System.String,System.Boolean)
FNDA:0,Domain.ValueObjects.TypeLanguage Domain.Entities.LanguageAggregate.LanguageDomain::GetTypeLanguage(System.String,System.Boolean)
DA:33,0
DA:38,0
FN:20,System.Void Domain.Entities.LanguageAggregate.LanguageDomain::.ctor(Domain.Core.ValueObjects.Name)
FNDA:0,System.Void Domain.Entities.LanguageAggregate.LanguageDomain::.ctor(Domain.Core.ValueObjects.Name)
DA:21,0
DA:22,0
DA:23,0
DA:24,0
FN:11,System.Void Domain.Entities.LanguageAggregate.LanguageDomain::.cctor()
FNDA:0,System.Void Domain.Entities.LanguageAggregate.LanguageDomain::.cctor()
DA:12,0
DA:13,0
LF:11
LH:0
BRF:0
BRH:0
FNF:6
FNH:0
end_of_record
SF:d:\Projetos\github\DynamicRestApi\src\api\Domain\Entities\EntityAggregate\AttributeDomain.cs
FN:28,System.Guid Domain.Entities.EntityAggregate.AttributeDomain::get_Id()
FNDA:0,System.Guid Domain.Entities.EntityAggregate.AttributeDomain::get_Id()
DA:29,0
FN:30,Domain.Core.ValueObjects.Name Domain.Entities.EntityAggregate.AttributeDomain::get_Name()
FNDA:12,Domain.Core.ValueObjects.Name Domain.Entities.EntityAggregate.AttributeDomain::get_Name()
DA:31,12
FN:32,System.Nullable`1<System.Int32> Domain.Entities.EntityAggregate.AttributeDomain::get_Length()
FNDA:6,System.Nullable`1<System.Int32> Domain.Entities.EntityAggregate.AttributeDomain::get_Length()
DA:33,6
FN:34,System.Boolean Domain.Entities.EntityAggregate.AttributeDomain::get_AllowNull()
FNDA:6,System.Boolean Domain.Entities.EntityAggregate.AttributeDomain::get_AllowNull()
DA:35,6
FN:36,Domain.ValueObjects.EnumDataTypes Domain.Entities.EntityAggregate.AttributeDomain::get_DataType()
FNDA:16,Domain.ValueObjects.EnumDataTypes Domain.Entities.EntityAggregate.AttributeDomain::get_DataType()
DA:37,16
FN:38,Domain.Entities.EntityAggregate.EntityDomain Domain.Entities.EntityAggregate.AttributeDomain::get_Entity()
FNDA:0,Domain.Entities.EntityAggregate.EntityDomain Domain.Entities.EntityAggregate.AttributeDomain::get_Entity()
DA:39,0
FN:40,System.Boolean Domain.Entities.EntityAggregate.AttributeDomain::get_IsIdentifier()
FNDA:4,System.Boolean Domain.Entities.EntityAggregate.AttributeDomain::get_IsIdentifier()
DA:41,4
FN:43,System.Boolean Domain.Entities.EntityAggregate.AttributeDomain::IsValid(Infrastructure.CrossCutting.Notifications.INotificationManager)
FNDA:0,System.Boolean Domain.Entities.EntityAggregate.AttributeDomain::IsValid(Infrastructure.CrossCutting.Notifications.INotificationManager)
DA:44,0
FN:13,System.Void Domain.Entities.EntityAggregate.AttributeDomain::.ctor(Domain.Core.ValueObjects.Name,Domain.ValueObjects.EnumDataTypes,System.Boolean,System.Nullable`1<System.Int32>)
FNDA:6,System.Void Domain.Entities.EntityAggregate.AttributeDomain::.ctor(Domain.Core.ValueObjects.Name,Domain.ValueObjects.EnumDataTypes,System.Boolean,System.Nullable`1<System.Int32>)
DA:14,6
DA:15,6
DA:16,6
DA:17,6
DA:18,6
DA:19,6
DA:20,6
FN:22,System.Void Domain.Entities.EntityAggregate.AttributeDomain::.ctor(System.Guid,Domain.Core.ValueObjects.Name,Domain.ValueObjects.EnumDataTypes,System.Boolean,System.Nullable`1<System.Int32>,Domain.Entities.EntityAggregate.EntityDomain)
FNDA:0,System.Void Domain.Entities.EntityAggregate.AttributeDomain::.ctor(System.Guid,Domain.Core.ValueObjects.Name,Domain.ValueObjects.EnumDataTypes,System.Boolean,System.Nullable`1<System.Int32>,Domain.Entities.EntityAggregate.EntityDomain)
DA:23,0
DA:24,0
DA:25,0
DA:26,0
DA:27,0
LF:20
LH:12
BRF:0
BRH:0
FNF:10
FNH:6
end_of_record
SF:d:\Projetos\github\DynamicRestApi\src\api\Domain\Entities\EntityAggregate\AttributeValidator.cs
FN:6,System.Void Domain.Entities.EntityAggregate.AttributeValidator::.ctor()
FNDA:4,System.Void Domain.Entities.EntityAggregate.AttributeValidator::.ctor()
DA:7,4
DA:8,4
DA:9,4
DA:10,4
DA:11,4
DA:12,4
DA:13,4
BRDA:10,151,0,1
BRDA:10,151,1,4
LF:7
LH:7
BRF:2
BRH:2
FNF:1
FNH:1
end_of_record
SF:d:\Projetos\github\DynamicRestApi\src\api\Domain\Entities\EntityAggregate\EntityDomain.cs
FN:23,System.Guid Domain.Entities.EntityAggregate.EntityDomain::get_Id()
FNDA:0,System.Guid Domain.Entities.EntityAggregate.EntityDomain::get_Id()
DA:24,0
FN:25,Domain.Core.ValueObjects.Name Domain.Entities.EntityAggregate.EntityDomain::get_Name()
FNDA:8,Domain.Core.ValueObjects.Name Domain.Entities.EntityAggregate.EntityDomain::get_Name()
DA:26,8
FN:29,System.Collections.Generic.IReadOnlyCollection`1<Domain.Entities.EntityAggregate.AttributeDomain> Domain.Entities.EntityAggregate.EntityDomain::get_Attributes()
FNDA:12,System.Collections.Generic.IReadOnlyCollection`1<Domain.Entities.EntityAggregate.AttributeDomain> Domain.Entities.EntityAggregate.EntityDomain::get_Attributes()
DA:30,12
FN:31,System.Void Domain.Entities.EntityAggregate.EntityDomain::AddAttribute(Domain.Entities.EntityAggregate.AttributeDomain)
FNDA:6,System.Void Domain.Entities.EntityAggregate.EntityDomain::AddAttribute(Domain.Entities.EntityAggregate.AttributeDomain)
DA:32,6
FN:34,System.Boolean Domain.Entities.EntityAggregate.EntityDomain::IsValid(Infrastructure.CrossCutting.Notifications.INotificationManager)
FNDA:4,System.Boolean Domain.Entities.EntityAggregate.EntityDomain::IsValid(Infrastructure.CrossCutting.Notifications.INotificationManager)
DA:35,4
FN:15,System.Void Domain.Entities.EntityAggregate.EntityDomain::.ctor(Domain.Core.ValueObjects.Name)
FNDA:4,System.Void Domain.Entities.EntityAggregate.EntityDomain::.ctor(Domain.Core.ValueObjects.Name)
DA:16,4
DA:17,4
DA:18,4
DA:20,4
DA:21,4
DA:22,4
DA:28,4
LF:12
LH:11
BRF:0
BRH:0
FNF:6
FNH:5
end_of_record
SF:d:\Projetos\github\DynamicRestApi\src\api\Domain\Entities\EntityAggregate\EntityValidator.cs
FN:25,System.Boolean Domain.Entities.EntityAggregate.EntityValidator::ContainsMoreThanOneAttribute(System.Collections.Generic.IReadOnlyCollection`1<Domain.Entities.EntityAggregate.AttributeDomain>)
FNDA:4,System.Boolean Domain.Entities.EntityAggregate.EntityValidator::ContainsMoreThanOneAttribute(System.Collections.Generic.IReadOnlyCollection`1<Domain.Entities.EntityAggregate.AttributeDomain>)
DA:26,4
BRDA:26,1,0,0
BRDA:26,1,1,4
FN:28,System.Boolean Domain.Entities.EntityAggregate.EntityValidator::ContainsAttributeIdentifier(System.Collections.Generic.IReadOnlyCollection`1<Domain.Entities.EntityAggregate.AttributeDomain>)
FNDA:8,System.Boolean Domain.Entities.EntityAggregate.EntityValidator::ContainsAttributeIdentifier(System.Collections.Generic.IReadOnlyCollection`1<Domain.Entities.EntityAggregate.AttributeDomain>)
DA:29,8
BRDA:29,7,0,1
BRDA:29,7,1,4
FN:9,System.Void Domain.Entities.EntityAggregate.EntityValidator::.ctor()
FNDA:4,System.Void Domain.Entities.EntityAggregate.EntityValidator::.ctor()
DA:10,4
DA:11,4
DA:12,4
DA:14,4
DA:15,4
DA:16,4
DA:17,4
DA:18,4
DA:20,4
DA:21,4
DA:23,4
LF:13
LH:13
BRF:4
BRH:3
FNF:3
FNH:3
end_of_record
SF:d:\Projetos\github\DynamicRestApi\src\api\CrossCutting\WebSockets\WebSocketHandler.cs
FN:19,System.Void Infrastructure.CrossCutting.WebSockets.WebSocketHandler::SetManager(Infrastructure.CrossCutting.WebSockets.WebSocketService)
FNDA:0,System.Void Infrastructure.CrossCutting.WebSockets.WebSocketHandler::SetManager(Infrastructure.CrossCutting.WebSockets.WebSocketService)
DA:20,0
FN:34,System.Net.WebSockets.WebSocket Infrastructure.CrossCutting.WebSockets.WebSocketHandler::GetWebSocket()
FNDA:0,System.Net.WebSockets.WebSocket Infrastructure.CrossCutting.WebSockets.WebSocketHandler::GetWebSocket()
DA:35,0
FN:36,Infrastructure.CrossCutting.WebSockets.WebSocketIdentifier Infrastructure.CrossCutting.WebSockets.WebSocketHandler::GetId()
FNDA:0,Infrastructure.CrossCutting.WebSockets.WebSocketIdentifier Infrastructure.CrossCutting.WebSockets.WebSocketHandler::GetId()
DA:37,0
FN:13,System.Void Infrastructure.CrossCutting.WebSockets.WebSocketHandler::.ctor(Infrastructure.CrossCutting.WebSockets.WebSocketIdentifier,System.Net.WebSockets.WebSocket)
FNDA:0,System.Void Infrastructure.CrossCutting.WebSockets.WebSocketHandler::.ctor(Infrastructure.CrossCutting.WebSockets.WebSocketIdentifier,System.Net.WebSockets.WebSocket)
DA:14,0
DA:15,0
DA:16,0
DA:17,0
DA:18,0
FN:22,System.Void Infrastructure.CrossCutting.WebSockets.WebSocketHandler/<Invoke>d__5::MoveNext()
FNDA:0,System.Void Infrastructure.CrossCutting.WebSockets.WebSocketHandler/<Invoke>d__5::MoveNext()
DA:23,0
DA:24,0
DA:26,0
DA:27,0
DA:28,0
DA:29,0
DA:30,0
DA:31,0
DA:32,0
DA:33,0
BRDA:24,93,0,0
BRDA:24,93,1,0
BRDA:26,199,0,0
BRDA:26,199,1,0
BRDA:27,625,1,0
BRDA:29,323,0,0
BRDA:29,323,1,0
BRDA:29,375,0,0
BRDA:29,375,1,0
BRDA:30,484,0,0
BRDA:30,484,1,0
BRDA:27,625,0,0
BRDA:32,706,0,0
BRDA:32,706,1,0
LF:18
LH:0
BRF:14
BRH:0
FNF:5
FNH:0
end_of_record
SF:d:\Projetos\github\DynamicRestApi\src\api\CrossCutting\WebSockets\WebSocketidentifier.cs
FN:6,System.String Infrastructure.CrossCutting.WebSockets.WebSocketIdentifier::get_Id()
FNDA:0,System.String Infrastructure.CrossCutting.WebSockets.WebSocketIdentifier::get_Id()
DA:7,0
FN:7,System.String Infrastructure.CrossCutting.WebSockets.WebSocketIdentifier::get_Channel()
FNDA:0,System.String Infrastructure.CrossCutting.WebSockets.WebSocketIdentifier::get_Channel()
DA:8,0
FN:16,System.String Infrastructure.CrossCutting.WebSockets.WebSocketIdentifier::ToString()
FNDA:0,System.String Infrastructure.CrossCutting.WebSockets.WebSocketIdentifier::ToString()
DA:17,0
DA:18,0
DA:19,0
FN:9,System.Void Infrastructure.CrossCutting.WebSockets.WebSocketIdentifier::.ctor(System.String)
FNDA:0,System.Void Infrastructure.CrossCutting.WebSockets.WebSocketIdentifier::.ctor(System.String)
DA:10,0
DA:11,0
DA:12,0
DA:13,0
DA:14,0
LF:10
LH:0
BRF:0
BRH:0
FNF:4
FNH:0
end_of_record
SF:d:\Projetos\github\DynamicRestApi\src\api\CrossCutting\WebSockets\WebSocketService.cs
FN:12,System.Collections.Concurrent.ConcurrentDictionary`2<Infrastructure.CrossCutting.WebSockets.WebSocketIdentifier,System.Net.WebSockets.WebSocket> Infrastructure.CrossCutting.WebSockets.WebSocketService::get_WebSockets()
FNDA:0,System.Collections.Concurrent.ConcurrentDictionary`2<Infrastructure.CrossCutting.WebSockets.WebSocketIdentifier,System.Net.WebSockets.WebSocket> Infrastructure.CrossCutting.WebSockets.WebSocketService::get_WebSockets()
DA:13,0
FN:13,System.Collections.Generic.Dictionary`2<System.String,System.Type> Infrastructure.CrossCutting.WebSockets.WebSocketService::get_Channels()
FNDA:0,System.Collections.Generic.Dictionary`2<System.String,System.Type> Infrastructure.CrossCutting.WebSockets.WebSocketService::get_Channels()
DA:14,0
FN:22,Infrastructure.CrossCutting.WebSockets.WebSocketHandler Infrastructure.CrossCutting.WebSockets.WebSocketService::AddWebSocket(System.String,System.Net.WebSockets.WebSocket)
FNDA:0,Infrastructure.CrossCutting.WebSockets.WebSocketHandler Infrastructure.CrossCutting.WebSockets.WebSocketService::AddWebSocket(System.String,System.Net.WebSockets.WebSocket)
DA:23,0
DA:24,0
DA:25,0
DA:26,0
DA:27,0
DA:28,0
FN:30,System.Collections.Generic.List`1<System.Net.WebSockets.WebSocket> Infrastructure.CrossCutting.WebSockets.WebSocketService::GetAll(System.String)
FNDA:0,System.Collections.Generic.List`1<System.Net.WebSockets.WebSocket> Infrastructure.CrossCutting.WebSockets.WebSocketService::GetAll(System.String)
DA:31,0
DA:32,0
DA:33,0
BRDA:32,43,0,0
BRDA:32,43,1,0
FN:15,System.Void Infrastructure.CrossCutting.WebSockets.WebSocketService::.ctor()
FNDA:0,System.Void Infrastructure.CrossCutting.WebSockets.WebSocketService::.ctor()
DA:16,0
DA:17,0
DA:18,0
DA:19,0
DA:20,0
FN:35,System.Void Infrastructure.CrossCutting.WebSockets.WebSocketService/<Remove>d__11::MoveNext()
FNDA:0,System.Void Infrastructure.CrossCutting.WebSockets.WebSocketService/<Remove>d__11::MoveNext()
DA:36,0
DA:38,0
DA:40,0
DA:41,0
DA:42,0
DA:43,0
BRDA:40,83,0,0
BRDA:40,83,1,0
LF:22
LH:0
BRF:4
BRH:0
FNF:6
FNH:0
end_of_record
SF:d:\Projetos\github\DynamicRestApi\src\api\CrossCutting\WebSockets\WebSocketsExtensions.cs
FN:30,System.String Infrastructure.CrossCutting.WebSockets.WebSocketsExtensions::GetValue(System.ValueTuple`2<System.Net.WebSockets.WebSocketReceiveResult,System.Byte[]>)
FNDA:0,System.String Infrastructure.CrossCutting.WebSockets.WebSocketsExtensions::GetValue(System.ValueTuple`2<System.Net.WebSockets.WebSocketReceiveResult,System.Byte[]>)
DA:31,0
DA:32,0
DA:33,0
FN:13,System.Void Infrastructure.CrossCutting.WebSockets.WebSocketsExtensions/<SendData>d__0::MoveNext()
FNDA:0,System.Void Infrastructure.CrossCutting.WebSockets.WebSocketsExtensions/<SendData>d__0::MoveNext()
DA:14,0
DA:15,0
DA:16,0
DA:17,0
DA:18,0
DA:19,0
DA:20,0
DA:21,0
BRDA:16,59,0,0
BRDA:19,138,0,0
BRDA:19,138,1,0
BRDA:16,59,1,0
FN:23,System.Void Infrastructure.CrossCutting.WebSockets.WebSocketsExtensions/<ReceiveData>d__1::MoveNext()
FNDA:0,System.Void Infrastructure.CrossCutting.WebSockets.WebSocketsExtensions/<ReceiveData>d__1::MoveNext()
DA:24,0
DA:25,0
DA:26,0
DA:27,0
DA:28,0
BRDA:26,71,0,0
BRDA:26,71,1,0
FN:35,System.Void Infrastructure.CrossCutting.WebSockets.WebSocketsExtensions/<SendAll>d__3::MoveNext()
FNDA:0,System.Void Infrastructure.CrossCutting.WebSockets.WebSocketsExtensions/<SendAll>d__3::MoveNext()
DA:36,0
DA:37,0
DA:38,0
DA:39,0
BRDA:37,199,1,0
BRDA:38,104,0,0
BRDA:37,46,1,0
BRDA:38,104,1,0
BRDA:37,46,0,0
BRDA:37,199,0,0
LF:20
LH:0
BRF:12
BRH:0
FNF:4
FNH:0
end_of_record
SF:d:\Projetos\github\DynamicRestApi\src\api\CrossCutting\Notifications\NotificationManager.cs
FN:6,System.Collections.Generic.IList`1<Infrastructure.CrossCutting.Notifications.INotificationMessage> Infrastructure.CrossCutting.Notifications.NotificationManager::get_Errors()
FNDA:11,System.Collections.Generic.IList`1<Infrastructure.CrossCutting.Notifications.INotificationMessage> Infrastructure.CrossCutting.Notifications.NotificationManager::get_Errors()
DA:7,11
FN:8,System.Boolean Infrastructure.CrossCutting.Notifications.NotificationManager::get_HasError()
FNDA:0,System.Boolean Infrastructure.CrossCutting.Notifications.NotificationManager::get_HasError()
DA:9,0
LF:2
LH:1
BRF:0
BRH:0
FNF:2
FNH:1
end_of_record
SF:d:\Projetos\github\DynamicRestApi\src\api\CrossCutting\Notifications\NotificationMessage.cs
FN:9,System.String Infrastructure.CrossCutting.Notifications.NotificationMessage::get_Message()
FNDA:0,System.String Infrastructure.CrossCutting.Notifications.NotificationMessage::get_Message()
DA:10,0
FN:4,System.Void Infrastructure.CrossCutting.Notifications.NotificationMessage::.ctor(System.String)
FNDA:0,System.Void Infrastructure.CrossCutting.Notifications.NotificationMessage::.ctor(System.String)
DA:5,0
DA:6,0
DA:7,0
DA:8,0
LF:5
LH:0
BRF:0
BRH:0
FNF:2
FNH:0
end_of_record
SF:d:\Projetos\github\DynamicRestApi\src\api\CrossCutting\Notifications\ValidationNotification.cs
FN:10,System.String Infrastructure.CrossCutting.Notifications.ValidationNotification::get_Message()
FNDA:4,System.String Infrastructure.CrossCutting.Notifications.ValidationNotification::get_Message()
DA:11,4
FN:12,System.String Infrastructure.CrossCutting.Notifications.ValidationNotification::get_Property()
FNDA:7,System.String Infrastructure.CrossCutting.Notifications.ValidationNotification::get_Property()
DA:13,7
FN:4,System.Void Infrastructure.CrossCutting.Notifications.ValidationNotification::.ctor(System.String,System.String)
FNDA:4,System.Void Infrastructure.CrossCutting.Notifications.ValidationNotification::.ctor(System.String,System.String)
DA:5,4
DA:6,4
DA:7,4
DA:8,4
DA:9,4
LF:7
LH:7
BRF:0
BRH:0
FNF:3
FNH:3
end_of_record
SF:d:\Projetos\github\DynamicRestApi\src\api\CrossCutting\Extensions\Array.cs
FN:8,System.Void Infrastructure.CrossCutting.Extensions.Array::ForEach(System.Collections.Generic.IEnumerable`1<T>,System.Action`1<T>)
FNDA:0,System.Void Infrastructure.CrossCutting.Extensions.Array::ForEach(System.Collections.Generic.IEnumerable`1<T>,System.Action`1<T>)
DA:9,0
DA:10,0
DA:11,0
DA:12,0
BRDA:10,32,1,0
BRDA:10,32,0,0
LF:4
LH:0
BRF:2
BRH:0
FNF:1
FNH:0
end_of_record
SF:d:\Projetos\github\DynamicRestApi\src\api\CrossCutting\Extensions\Conditions.cs
FN:7,System.ValueTuple`2<T,System.Boolean> Infrastructure.CrossCutting.Extensions.Conditions::If(T,System.Predicate`1<T>)
FNDA:0,System.ValueTuple`2<T,System.Boolean> Infrastructure.CrossCutting.Extensions.Conditions::If(T,System.Predicate`1<T>)
DA:8,0
DA:9,0
DA:10,0
FN:12,System.ValueTuple`2<T,System.Boolean> Infrastructure.CrossCutting.Extensions.Conditions::If(System.ValueTuple`2<T,System.Boolean>,System.Predicate`1<T>)
FNDA:0,System.ValueTuple`2<T,System.Boolean> Infrastructure.CrossCutting.Extensions.Conditions::If(System.ValueTuple`2<T,System.Boolean>,System.Predicate`1<T>)
DA:13,0
DA:14,0
DA:15,0
FN:17,System.ValueTuple`2<T,System.Boolean> Infrastructure.CrossCutting.Extensions.Conditions::IfNotNull(T)
FNDA:0,System.ValueTuple`2<T,System.Boolean> Infrastructure.CrossCutting.Extensions.Conditions::IfNotNull(T)
DA:18,0
DA:19,0
DA:20,0
FN:22,System.ValueTuple`2<T,System.Boolean> Infrastructure.CrossCutting.Extensions.Conditions::Then(System.ValueTuple`2<T,System.Boolean>,System.Action`1<T>)
FNDA:0,System.ValueTuple`2<T,System.Boolean> Infrastructure.CrossCutting.Extensions.Conditions::Then(System.ValueTuple`2<T,System.Boolean>,System.Action`1<T>)
DA:23,0
DA:24,0
DA:25,0
DA:27,0
DA:28,0
BRDA:24,9,0,0
BRDA:24,9,1,0
FN:30,System.ValueTuple`2<T,System.Boolean> Infrastructure.CrossCutting.Extensions.Conditions::Else(System.ValueTuple`2<T,System.Boolean>,System.Action`1<T>)
FNDA:0,System.ValueTuple`2<T,System.Boolean> Infrastructure.CrossCutting.Extensions.Conditions::Else(System.ValueTuple`2<T,System.Boolean>,System.Action`1<T>)
DA:31,0
LF:15
LH:0
BRF:2
BRH:0
FNF:5
FNH:0
end_of_record
SF:d:\Projetos\github\DynamicRestApi\src\api\CrossCutting\Extensions\Objects.cs
FN:8,TObject Infrastructure.CrossCutting.Extensions.Objects::SetProperty(TObject,System.Linq.Expressions.Expression`1<System.Func`2<TObject,TValue>>,TValue)
FNDA:0,TObject Infrastructure.CrossCutting.Extensions.Objects::SetProperty(TObject,System.Linq.Expressions.Expression`1<System.Func`2<TObject,TValue>>,TValue)
DA:9,0
DA:10,0
DA:11,0
DA:13,0
DA:14,0
FN:16,TObject Infrastructure.CrossCutting.Extensions.Objects::SetProperty(TObject,System.String,TValue)
FNDA:0,TObject Infrastructure.CrossCutting.Extensions.Objects::SetProperty(TObject,System.String,TValue)
DA:17,0
DA:18,0
DA:19,0
DA:20,0
DA:21,0
LF:10
LH:0
BRF:0
BRH:0
FNF:2
FNH:0
end_of_record
SF:d:\Projetos\github\DynamicRestApi\src\api\CrossCutting\Collections\NavigableList.cs
FN:8,System.Void Infrastructure.CrossCutting.Collections.NavigableList`1::.ctor(System.Collections.Generic.IEnumerable`1<T>)
FNDA:0,System.Void Infrastructure.CrossCutting.Collections.NavigableList`1::.ctor(System.Collections.Generic.IEnumerable`1<T>)
DA:9,0
DA:10,0
DA:11,0
DA:12,0
DA:14,0
DA:15,0
DA:16,0
BRDA:11,44,1,0
BRDA:11,44,0,0
BRDA:14,76,0,0
BRDA:14,76,1,0
BRDA:15,124,0,0
BRDA:15,124,1,0
FN:25,T Infrastructure.CrossCutting.Collections.NavigableItem`1::get_Item()
FNDA:0,T Infrastructure.CrossCutting.Collections.NavigableItem`1::get_Item()
DA:26,0
FN:27,System.Boolean Infrastructure.CrossCutting.Collections.NavigableItem`1::get_IsFirst()
FNDA:0,System.Boolean Infrastructure.CrossCutting.Collections.NavigableItem`1::get_IsFirst()
DA:28,0
FN:29,System.Boolean Infrastructure.CrossCutting.Collections.NavigableItem`1::get_IsLast()
FNDA:0,System.Boolean Infrastructure.CrossCutting.Collections.NavigableItem`1::get_IsLast()
DA:30,0
FN:31,System.Boolean Infrastructure.CrossCutting.Collections.NavigableItem`1::get_HasMore()
FNDA:0,System.Boolean Infrastructure.CrossCutting.Collections.NavigableItem`1::get_HasMore()
DA:32,0
FN:33,Infrastructure.CrossCutting.Collections.NavigableItem`1<T> Infrastructure.CrossCutting.Collections.NavigableItem`1::op_Implicit(T)
FNDA:0,Infrastructure.CrossCutting.Collections.NavigableItem`1<T> Infrastructure.CrossCutting.Collections.NavigableItem`1::op_Implicit(T)
DA:34,0
FN:35,T Infrastructure.CrossCutting.Collections.NavigableItem`1::op_Implicit(Infrastructure.CrossCutting.Collections.NavigableItem`1<T>)
FNDA:0,T Infrastructure.CrossCutting.Collections.NavigableItem`1::op_Implicit(Infrastructure.CrossCutting.Collections.NavigableItem`1<T>)
DA:36,0
FN:20,System.Void Infrastructure.CrossCutting.Collections.NavigableItem`1::.ctor(T)
FNDA:0,System.Void Infrastructure.CrossCutting.Collections.NavigableItem`1::.ctor(T)
DA:21,0
DA:22,0
DA:23,0
DA:24,0
FN:40,Infrastructure.CrossCutting.Collections.NavigableList`1<T> Infrastructure.CrossCutting.Collections.NavigableListExtensions::ToNavigableList(System.Collections.Generic.IEnumerable`1<T>)
FNDA:0,Infrastructure.CrossCutting.Collections.NavigableList`1<T> Infrastructure.CrossCutting.Collections.NavigableListExtensions::ToNavigableList(System.Collections.Generic.IEnumerable`1<T>)
DA:41,0
LF:18
LH:0
BRF:6
BRH:0
FNF:9
FNH:0
end_of_record